<?xml version="1.0" encoding="UTF-8"?>
<!-- Generated by org.testng.reporters.JUnitReportReporter -->
<testsuite skipped="0" hostname="DESKTOP-O5JJOKH" name="MyRunner.TestRunner" tests="1" failures="0" timestamp="15 Mar 2023 16:33:58 GMT" time="25.063" errors="0">
  <testcase name="feature" time="25.063" classname="MyRunner.TestRunner"/>
</testsuite> <!-- MyRunner.TestRunner -->
